18:00:49.774 [main] INFO  TestCases.UI_CheckForInterestRATECalc - ***** ________________________________ *******
18:00:49.790 [main] INFO  TestCases.UI_CheckForInterestRATECalc - ***** ____________________________________  *******
18:00:49.790 [main] INFO  TestCases.UI_CheckForInterestRATECalc - ***** Moving on to the next page for LOAN Tennure Calculator  *******
18:00:49.791 [main] INFO  TestCases.UI_CheckForInterestRATECalc - ***** LOAN tenure Calculator page is opened *******
18:00:50.051 [main] INFO  TestCases.UI_CheckForInterestRATECalc - *****   =============================================   *******
18:00:50.061 [main] INFO  TestCases.UI_CheckForInterestRATECalc - ***** Working on the THIRD type Calculator  *******
18:00:50.062 [main] INFO  TestCases.UI_CheckForInterestRATECalc - ***** LOAN Tenure Calculator TESTING  *******
18:00:50.062 [main] INFO  TestCases.UI_CheckForInterestRATECalc - ***** _______________________________ *******
18:00:50.062 [main] INFO  TestCases.UI_CheckForInterestRATECalc - ***** Providing the LOAN Amount in the inputbox *******
18:00:53.459 [main] INFO  TestCases.UI_CheckForInterestRATECalc - ***** ______________________________ *******
18:00:53.506 [main] INFO  TestCases.UI_CheckForInterestRATECalc - ***** Validating the result shown in the inputbox *******
18:00:53.508 [main] INFO  TestCases.UI_CheckForInterestRATECalc - *****  *******
18:00:53.509 [main] INFO  TestCases.UI_CheckForInterestRATECalc - ***** Providing the EMI Amount in the inputbox  *******
18:00:53.917 [main] INFO  TestCases.UI_CheckForInterestRATECalc - ***** _______________________________ *******
18:00:53.968 [main] INFO  TestCases.UI_CheckForInterestRATECalc - ***** Validating the Amountnstores in the inputbox  *******
18:00:53.970 [main] INFO  TestCases.UI_CheckForInterestRATECalc - *****  __________________________________ *******
18:00:53.970 [main] INFO  TestCases.UI_CheckForInterestRATECalc - *****  Providing  the Interest Rate  to the inputbox  *******
18:00:54.473 [main] INFO  TestCases.UI_CheckForInterestRATECalc - ***** _______________________________ *******
18:00:54.524 [main] INFO  TestCases.UI_CheckForInterestRATECalc - ***** Returning the interest rate value inside that inutbox  *******
18:00:54.524 [main] INFO  TestCases.UI_CheckForInterestRATECalc - ***** _____________________________ *******
18:00:54.527 [main] INFO  TestCases.UI_CheckForInterestRATECalc - ***** Providing the FEES and CHARGES required for applying for  LOAN  *******
18:00:55.010 [main] INFO  TestCases.UI_CheckForInterestRATECalc - ***** __________________________ *******
18:00:55.010 [main] INFO  TestCases.UI_CheckForInterestRATECalc - ***** Returning the Value stored in the inputbox *******
18:00:55.070 [main] INFO  TestCases.UI_CheckForInterestRATECalc - ***** _____________________________ *******
18:00:55.074 [main] INFO  TestCases.UI_CheckForInterestRATECalc - ***** Navigate to next Type of Calculator by clicking on the link *******
18:00:55.075 [main] INFO  TestCases.UI_CheckForInterestRATECalc - ***** Clicking on the INTEREST CALCULATOR *******
18:00:55.307 [main] INFO  TestCases.UI_CheckForInterestRATECalc - ***** ___________________________________ *******
18:00:55.307 [main] INFO  TestCases.UI_CheckForInterestRATECalc - ***** INTEREST CALCULATOR page is opened  *******
18:00:55.307 [main] INFO  TestCases.UI_CheckForInterestRATECalc - ***** =========================================================== *******
18:00:55.310 [main] INFO  TestCases.UI_CheckForInterestRATECalc - ***** Working on the 4th Type of CALCULATOR *******
18:00:55.311 [main] INFO  TestCases.UI_CheckForInterestRATECalc - ****** INTEREST CALCULATOR page is opened  ******
18:00:55.311 [main] INFO  TestCases.UI_CheckForInterestRATECalc - ***** ______________________________ *******
18:00:55.311 [main] INFO  TestCases.UI_CheckForInterestRATECalc - ***** Providing the LOAN amount in the inputbox   *******
18:00:55.762 [main] INFO  TestCases.UI_CheckForInterestRATECalc - ***** Validating the value stored in the inputbox  *******
18:00:55.819 [main] INFO  TestCases.UI_CheckForInterestRATECalc - ***** _____________________________________ *******
18:00:55.822 [main] INFO  TestCases.UI_CheckForInterestRATECalc - ***** Providing the EMI Amount in the inputbox  *******
18:00:56.171 [main] INFO  TestCases.UI_CheckForInterestRATECalc - ***** Validating the value stored in the inputbox  *******
18:00:56.224 [main] INFO  TestCases.UI_CheckForInterestRATECalc - ***** ____________________________________________ *******
18:00:56.227 [main] INFO  TestCases.UI_CheckForInterestRATECalc - ***** Providing the years for which the LOAN is applied for  *******
18:00:56.686 [main] INFO  TestCases.UI_CheckForInterestRATECalc - ***** Validation of value inside the inputbox  *******
18:00:56.734 [main] INFO  TestCases.UI_CheckForInterestRATECalc - ***** __________________________________________ *******
18:00:56.736 [main] INFO  TestCases.UI_CheckForInterestRATECalc - *****  *******
