17:25:17.656 [main] INFO  TestCases.UI_CheckForInterestRATECalc - ***** Providing the FEES and CHARGES for applying for the LOAN  *******
17:25:17.663 [main] INFO  TestCases.UI_CheckForInterestRATECalc - *****  *******
17:25:17.698 [main] INFO  TestCases.UI_CheckForInterestRATECalc - ***** Returning the Value stored in the inputbox *******
17:25:17.698 [main] INFO  TestCases.UI_CheckForInterestRATECalc - ***** ________________________________ *******
17:25:17.909 [main] INFO  TestCases.UI_CheckForInterestRATECalc - ***** ____________________________________  *******
17:25:17.910 [main] INFO  TestCases.UI_CheckForInterestRATECalc - ***** Moving on to the next page for LOAN Tennure Calculator  *******
17:25:17.912 [main] INFO  TestCases.UI_CheckForInterestRATECalc - ***** LOAN tenure Calculator page is opened *******
17:25:18.033 [main] INFO  TestCases.UI_CheckForInterestRATECalc - *****   =============================================   *******
17:25:18.369 [main] INFO  TestCases.UI_CheckForInterestRATECalc - ***** Working on the THIRD type Calculator  *******
17:25:18.369 [main] INFO  TestCases.UI_CheckForInterestRATECalc - ***** LOAN Tenure Calculator TESTING  *******
17:25:18.387 [main] INFO  TestCases.UI_CheckForInterestRATECalc - ***** _______________________________ *******
17:25:18.387 [main] INFO  TestCases.UI_CheckForInterestRATECalc - ***** Providing the LOAN Amount in the inputbox *******
17:25:21.537 [main] INFO  TestCases.UI_CheckForInterestRATECalc - ***** ______________________________ *******
17:25:21.564 [main] INFO  TestCases.UI_CheckForInterestRATECalc - ***** Validating the result shown in the inputbox *******
17:25:21.738 [main] INFO  TestCases.UI_CheckForInterestRATECalc - *****  *******
17:25:21.738 [main] INFO  TestCases.UI_CheckForInterestRATECalc - ***** Providing the EMI Amount in the inputbox  *******
17:25:21.996 [main] INFO  TestCases.UI_CheckForInterestRATECalc - ***** _______________________________ *******
17:25:22.030 [main] INFO  TestCases.UI_CheckForInterestRATECalc - ***** Validating the Amountnstores in the inputbox  *******
17:25:22.250 [main] INFO  TestCases.UI_CheckForInterestRATECalc - *****  __________________________________ *******
17:25:22.250 [main] INFO  TestCases.UI_CheckForInterestRATECalc - *****  Providing  the Interest Rate  to the inputbox  *******
17:25:22.572 [main] INFO  TestCases.UI_CheckForInterestRATECalc - ***** _______________________________ *******
17:25:22.604 [main] INFO  TestCases.UI_CheckForInterestRATECalc - ***** Returning the interest rate value inside that inutbox  *******
17:25:22.604 [main] INFO  TestCases.UI_CheckForInterestRATECalc - ***** _____________________________ *******
17:25:22.853 [main] INFO  TestCases.UI_CheckForInterestRATECalc - ***** Providing the FEES and CHARGES required for applying for  LOAN  *******
17:25:23.170 [main] INFO  TestCases.UI_CheckForInterestRATECalc - ***** __________________________ *******
17:25:23.170 [main] INFO  TestCases.UI_CheckForInterestRATECalc - ***** Returning the Value stored in the inputbox *******
17:25:23.211 [main] INFO  TestCases.UI_CheckForInterestRATECalc - ***** _____________________________ *******
17:25:23.442 [main] INFO  TestCases.UI_CheckForInterestRATECalc - ***** Navigate to next Type of Calculator by clicking on the link *******
17:25:23.442 [main] INFO  TestCases.UI_CheckForInterestRATECalc - ***** Clicking on the INTEREST CALCULATOR *******
17:25:23.624 [main] INFO  TestCases.UI_CheckForInterestRATECalc - ***** ___________________________________ *******
17:25:23.624 [main] INFO  TestCases.UI_CheckForInterestRATECalc - ***** INTEREST CALCULATOR page is opened  *******
17:25:23.624 [main] INFO  TestCases.UI_CheckForInterestRATECalc - ***** =========================================================== *******
17:25:24.002 [main] INFO  TestCases.UI_CheckForInterestRATECalc - ***** Working on the 4th Type of CALCULATOR *******
17:25:24.003 [main] INFO  TestCases.UI_CheckForInterestRATECalc - ****** INTEREST CALCULATOR page is opened  ******
17:25:24.003 [main] INFO  TestCases.UI_CheckForInterestRATECalc - ***** ______________________________ *******
17:25:24.003 [main] INFO  TestCases.UI_CheckForInterestRATECalc - ***** Providing the LOAN amount in the inputbox   *******
17:25:24.254 [main] INFO  TestCases.UI_CheckForInterestRATECalc - ***** Validating the value stored in the inputbox  *******
17:25:24.297 [main] INFO  TestCases.UI_CheckForInterestRATECalc - ***** _____________________________________ *******
17:25:24.523 [main] INFO  TestCases.UI_CheckForInterestRATECalc - ***** Providing the EMI Amount in the inputbox  *******
17:25:24.748 [main] INFO  TestCases.UI_CheckForInterestRATECalc - ***** Validating the value stored in the inputbox  *******
17:25:24.785 [main] INFO  TestCases.UI_CheckForInterestRATECalc - ***** ____________________________________________ *******
17:25:24.995 [main] INFO  TestCases.UI_CheckForInterestRATECalc - ***** Providing the years for which the LOAN is applied for  *******
