18:17:27.278 [main] INFO  TestCases.UI_CheckForInterestRATECalc - *****  __________________________________ *******
18:17:27.286 [main] INFO  TestCases.UI_CheckForInterestRATECalc - *****  Providing  the Interest Rate  to the inputbox  *******
18:17:27.724 [main] INFO  TestCases.UI_CheckForInterestRATECalc - ***** _______________________________ *******
18:17:27.769 [main] INFO  TestCases.UI_CheckForInterestRATECalc - ***** Returning the interest rate value inside that inutbox  *******
18:17:27.769 [main] INFO  TestCases.UI_CheckForInterestRATECalc - ***** _____________________________ *******
18:17:28.103 [main] INFO  TestCases.UI_CheckForInterestRATECalc - ***** Providing the FEES and CHARGES required for applying for  LOAN  *******
18:17:28.481 [main] INFO  TestCases.UI_CheckForInterestRATECalc - ***** __________________________ *******
18:17:28.482 [main] INFO  TestCases.UI_CheckForInterestRATECalc - ***** Returning the Value stored in the inputbox *******
18:17:28.539 [main] INFO  TestCases.UI_CheckForInterestRATECalc - ***** _____________________________ *******
18:17:28.862 [main] INFO  TestCases.UI_CheckForInterestRATECalc - ***** Navigate to next Type of Calculator by clicking on the link *******
18:17:28.862 [main] INFO  TestCases.UI_CheckForInterestRATECalc - ***** Clicking on the INTEREST CALCULATOR *******
18:17:29.096 [main] INFO  TestCases.UI_CheckForInterestRATECalc - ***** ___________________________________ *******
18:17:29.096 [main] INFO  TestCases.UI_CheckForInterestRATECalc - ***** INTEREST CALCULATOR page is opened  *******
18:17:29.096 [main] INFO  TestCases.UI_CheckForInterestRATECalc - ***** =========================================================== *******
18:17:29.513 [main] INFO  TestCases.UI_CheckForInterestRATECalc - ***** Working on the 4th Type of CALCULATOR *******
18:17:29.513 [main] INFO  TestCases.UI_CheckForInterestRATECalc - ****** INTEREST CALCULATOR page is opened  ******
18:17:29.513 [main] INFO  TestCases.UI_CheckForInterestRATECalc - ***** ______________________________ *******
18:17:29.513 [main] INFO  TestCases.UI_CheckForInterestRATECalc - ***** Providing the LOAN amount in the inputbox   *******
18:17:29.802 [main] INFO  TestCases.UI_CheckForInterestRATECalc - ***** Validating the value stored in the inputbox  *******
18:17:29.875 [main] INFO  TestCases.UI_CheckForInterestRATECalc - ***** _____________________________________ *******
18:17:30.161 [main] INFO  TestCases.UI_CheckForInterestRATECalc - ***** Providing the EMI Amount in the inputbox  *******
18:17:30.591 [main] INFO  TestCases.UI_CheckForInterestRATECalc - ***** Validating the value stored in the inputbox  *******
18:17:30.636 [main] INFO  TestCases.UI_CheckForInterestRATECalc - ***** ____________________________________________ *******
18:17:30.912 [main] INFO  TestCases.UI_CheckForInterestRATECalc - ***** Providing the years for which the LOAN is applied for  *******
18:17:31.354 [main] INFO  TestCases.UI_CheckForInterestRATECalc - ***** Validation of value inside the inputbox  *******
18:17:31.397 [main] INFO  TestCases.UI_CheckForInterestRATECalc - ***** __________________________________________ *******
18:17:31.710 [main] INFO  TestCases.UI_CheckForInterestRATECalc - *****  *******
18:17:31.710 [main] INFO  TestCases.UI_CheckForInterestRATECalc - ***** Providing the amount for FEES and CHARGES inside the inputbox  *******
18:17:32.314 [main] INFO  TestCases.UI_CheckForInterestRATECalc - ***** Validating the  value inside the unputbox  *******
18:17:32.360 [main] INFO  TestCases.UI_CheckForInterestRATECalc - ***** _____________________________________ *******
18:17:32.646 [main] INFO  TestCases.UI_CheckForInterestRATECalc - ***** The final outcome is stored and validated after the calculation  *******
18:17:32.701 [main] INFO  TestCases.UI_CheckForInterestRATECalc - *****  AUTOMATION COMPLETED *******
18:17:32.701 [main] INFO  TestCases.UI_CheckForInterestRATECalc - *****     ===================================================== *******
18:17:32.702 [main] INFO  TestCases.UI_CheckForInterestRATECalc - ***** _______________________________________________________________ *******
22:19:21.007 [main] INFO  TestCases.UI_CheckForInterestRATECalc - ***** Initiating a serach input to the Google searchbox *******
22:19:23.258 [main] INFO  TestCases.UI_CheckForInterestRATECalc - ***** _________________________________ *******
22:19:23.258 [main] INFO  TestCases.UI_CheckForInterestRATECalc - ***** Clicking on Google Search button that appears after some input is provided to searchbar *******
22:19:25.630 [main] INFO  TestCases.UI_CheckForInterestRATECalc - ***** ____________________________________ *******
22:19:25.631 [main] INFO  TestCases.UI_CheckForInterestRATECalc - ***** Website on which we will test is opened *******
22:19:36.321 [main] INFO  TestCases.UI_CheckForInterestRATECalc - *****  *******
22:19:36.322 [main] INFO  TestCases.UI_CheckForInterestRATECalc - ***** ================================================ *******
